<?xml version="1.0" encoding="UTF-8"?>
<testng-results total="1" passed="1" failed="0" skipped="0">
  <reporter-output>
  </reporter-output>
  <suite started-at="2022-06-19T14:36:10Z" name="Suite" finished-at="2022-06-19T14:36:17Z" duration-ms="6794">
    <groups>
      <group name="cucumber">
        <method signature="AbstractTestNGCucumberTests.feature(cucumber.api.testng.CucumberFeatureWrapper)[pri:0, instance:com.eComm.Runner.RunnerClass@6853425f]" name="feature" class="cucumber.api.testng.AbstractTestNGCucumberTests"/>
      </group> <!-- cucumber -->
    </groups>
    <test started-at="2022-06-19T14:36:10Z" name="Test" finished-at="2022-06-19T14:36:17Z" duration-ms="6794">
      <class name="com.eComm.Runner.RunnerClass">
        <test-method is-config="true" signature="setUpClass()[pri:0, instance:com.eComm.Runner.RunnerClass@6853425f]" started-at="2022-06-19T20:06:10Z" name="setUpClass" finished-at="2022-06-19T20:06:11Z" duration-ms="86" status="PASS">
          <reporter-output>
          </reporter-output>
        </test-method> <!-- setUpClass -->
        <test-method is-config="true" signature="initializeReport()[pri:0, instance:com.eComm.Runner.RunnerClass@6853425f]" started-at="2022-06-19T20:06:11Z" name="initializeReport" finished-at="2022-06-19T20:06:11Z" duration-ms="19" status="PASS">
          <reporter-output>
          </reporter-output>
        </test-method> <!-- initializeReport -->
        <test-method signature="feature(cucumber.api.testng.CucumberFeatureWrapper)[pri:0, instance:com.eComm.Runner.RunnerClass@6853425f]" started-at="2022-06-19T20:06:11Z" name="feature" description="Runs Cucumber Feature" data-provider="features" finished-at="2022-06-19T20:06:17Z" duration-ms="6369" status="PASS">
          <params>
            <param index="0">
              <value>
                <![CDATA[Manage Todo List]]>
              </value>
            </param>
          </params>
          <reporter-output>
          </reporter-output>
        </test-method> <!-- feature -->
        <test-method is-config="true" signature="afterClass()[pri:0, instance:com.eComm.Runner.RunnerClass@6853425f]" started-at="2022-06-19T20:06:17Z" name="afterClass" finished-at="2022-06-19T20:06:17Z" duration-ms="11" status="PASS">
          <reporter-output>
          </reporter-output>
        </test-method> <!-- afterClass -->
        <test-method is-config="true" signature="quitBrowser()[pri:0, instance:com.eComm.Runner.RunnerClass@6853425f]" started-at="2022-06-19T20:06:17Z" name="quitBrowser" finished-at="2022-06-19T20:06:17Z" duration-ms="107" status="PASS">
          <reporter-output>
          </reporter-output>
        </test-method> <!-- quitBrowser -->
        <test-method is-config="true" signature="tearDownClass()[pri:0, instance:com.eComm.Runner.RunnerClass@6853425f]" started-at="2022-06-19T20:06:17Z" name="tearDownClass" finished-at="2022-06-19T20:06:17Z" duration-ms="159" status="PASS">
          <reporter-output>
          </reporter-output>
        </test-method> <!-- tearDownClass -->
      </class> <!-- com.eComm.Runner.RunnerClass -->
    </test> <!-- Test -->
  </suite> <!-- Suite -->
</testng-results>
